[09:00:14] [main/ERROR]: Failed to load properties from file: server.properties
[09:00:14] [main/INFO]: Environment: authHost='https://authserver.mojang.com', accountsHost='https://api.mojang.com', sessionHost='https://sessionserver.mojang.com', servicesHost='https://api.minecraftservices.com', name='PROD'
[09:00:15] [main/WARN]: Ambiguity between arguments [teleport, destination] and [teleport, targets] with inputs: [Player, 0123, @e, dd12be42-52a9-4a91-a8a1-11c01849e498]
[09:00:15] [main/WARN]: Ambiguity between arguments [teleport, location] and [teleport, destination] with inputs: [0.1 -0.5 .9, 0 0 0]
[09:00:15] [main/WARN]: Ambiguity between arguments [teleport, location] and [teleport, targets] with inputs: [0.1 -0.5 .9, 0 0 0]
[09:00:15] [main/WARN]: Ambiguity between arguments [teleport, targets] and [teleport, destination] with inputs: [Player, 0123, dd12be42-52a9-4a91-a8a1-11c01849e498]
[09:00:15] [main/WARN]: Ambiguity between arguments [teleport, targets, location] and [teleport, targets, destination] with inputs: [0.1 -0.5 .9, 0 0 0]
[09:00:15] [main/INFO]: Reloading ResourceManager: Default
[09:00:16] [Worker-Main-13/INFO]: Loaded 7 recipes
[09:00:16] [Worker-Main-13/INFO]: Loaded 927 advancements
[09:00:22] [Server thread/INFO]: Starting minecraft server version 1.16.5
[09:00:22] [Server thread/INFO]: Loading properties
[09:00:22] [Server thread/INFO]: Default game type: SURVIVAL
[09:00:22] [Server thread/INFO]: Generating keypair
[09:00:22] [Server thread/INFO]: Starting Minecraft server on *:25565
[09:00:22] [Server thread/INFO]: Using default channel type
[09:00:22] [Server thread/INFO]: Preparing level "world"
[09:00:28] [Server thread/INFO]: Preparing start region for dimension minecraft:overworld
[09:00:28] [Worker-Main-11/INFO]: Preparing spawn area: 0%
[09:00:29] [Worker-Main-11/INFO]: Preparing spawn area: 0%
[09:00:29] [Worker-Main-13/INFO]: Preparing spawn area: 0%
[09:00:30] [Worker-Main-8/INFO]: Preparing spawn area: 0%
[09:00:30] [Worker-Main-10/INFO]: Preparing spawn area: 0%
[09:00:31] [Worker-Main-11/INFO]: Preparing spawn area: 0%
[09:00:31] [Worker-Main-12/INFO]: Preparing spawn area: 0%
[09:00:32] [Worker-Main-9/INFO]: Preparing spawn area: 0%
[09:00:33] [Worker-Main-8/INFO]: Preparing spawn area: 1%
[09:00:33] [Worker-Main-10/INFO]: Preparing spawn area: 1%
[09:00:33] [Worker-Main-13/INFO]: Preparing spawn area: 1%
[09:00:34] [Worker-Main-10/INFO]: Preparing spawn area: 1%
[09:00:34] [Worker-Main-10/INFO]: Preparing spawn area: 5%
[09:00:35] [Worker-Main-8/INFO]: Preparing spawn area: 5%
[09:00:35] [Worker-Main-11/INFO]: Preparing spawn area: 5%
[09:00:36] [Worker-Main-8/INFO]: Preparing spawn area: 5%
[09:00:36] [Worker-Main-13/INFO]: Preparing spawn area: 5%
[09:00:37] [Worker-Main-10/INFO]: Preparing spawn area: 5%
[09:00:37] [Worker-Main-9/INFO]: Preparing spawn area: 11%
[09:00:38] [Worker-Main-10/INFO]: Preparing spawn area: 11%
[09:00:38] [Worker-Main-10/INFO]: Preparing spawn area: 11%
[09:00:39] [Worker-Main-12/INFO]: Preparing spawn area: 17%
[09:00:39] [Worker-Main-9/INFO]: Preparing spawn area: 17%
[09:00:40] [Worker-Main-8/INFO]: Preparing spawn area: 17%
[09:00:40] [Worker-Main-14/INFO]: Preparing spawn area: 25%
[09:00:41] [Worker-Main-9/INFO]: Preparing spawn area: 28%
[09:00:41] [Worker-Main-9/INFO]: Preparing spawn area: 31%
[09:00:42] [Worker-Main-13/INFO]: Preparing spawn area: 35%
[09:00:42] [Worker-Main-11/INFO]: Preparing spawn area: 38%
[09:00:43] [Worker-Main-9/INFO]: Preparing spawn area: 42%
[09:00:43] [Worker-Main-8/INFO]: Preparing spawn area: 46%
[09:00:44] [Worker-Main-8/INFO]: Preparing spawn area: 51%
[09:00:44] [Worker-Main-14/INFO]: Preparing spawn area: 56%
[09:00:45] [Worker-Main-9/INFO]: Preparing spawn area: 60%
[09:00:45] [Worker-Main-13/INFO]: Preparing spawn area: 65%
[09:00:46] [Worker-Main-9/INFO]: Preparing spawn area: 69%
[09:00:46] [Worker-Main-12/INFO]: Preparing spawn area: 73%
[09:00:47] [Worker-Main-14/INFO]: Preparing spawn area: 78%
[09:00:47] [Worker-Main-11/INFO]: Preparing spawn area: 83%
[09:00:48] [Worker-Main-9/INFO]: Preparing spawn area: 86%
[09:00:48] [Worker-Main-12/INFO]: Preparing spawn area: 91%
[09:00:49] [Worker-Main-8/INFO]: Preparing spawn area: 96%
[09:00:49] [Server thread/INFO]: Time elapsed: 20862 ms
[09:00:49] [Server thread/INFO]: Done (26.954s)! For help, type "help"
[09:01:24] [Server thread/INFO]: Unknown or incomplete command, see below for error
[09:01:24] [Server thread/INFO]: halt<--[HERE]
[09:01:44] [Server thread/INFO]: /advancement (grant|revoke)
[09:01:44] [Server thread/INFO]: /attribute <target> <attribute> (base|get|modifier)
[09:01:44] [Server thread/INFO]: /ban <targets> [<reason>]
[09:01:44] [Server thread/INFO]: /ban-ip <target> [<reason>]
[09:01:44] [Server thread/INFO]: /banlist [ips|players]
[09:01:44] [Server thread/INFO]: /bossbar (add|get|list|remove|set)
[09:01:44] [Server thread/INFO]: /clear [<targets>]
[09:01:44] [Server thread/INFO]: /clone <begin> <end> <destination> [filtered|masked|replace]
[09:01:44] [Server thread/INFO]: /data (get|merge|modify|remove)
[09:01:44] [Server thread/INFO]: /datapack (disable|enable|list)
[09:01:44] [Server thread/INFO]: /debug (report|start|stop)
[09:01:44] [Server thread/INFO]: /defaultgamemode (adventure|creative|spectator|survival)
[09:01:44] [Server thread/INFO]: /deop <targets>
[09:01:44] [Server thread/INFO]: /difficulty [easy|hard|normal|peaceful]
[09:01:44] [Server thread/INFO]: /effect (clear|give)
[09:01:44] [Server thread/INFO]: /enchant <targets> <enchantment> [<level>]
[09:01:44] [Server thread/INFO]: /execute (align|anchored|as|at|facing|if|in|positioned|rotated|run|store|unless)
[09:01:44] [Server thread/INFO]: /experience (add|query|set)
[09:01:44] [Server thread/INFO]: /fill <from> <to> <block> [destroy|hollow|keep|outline|replace]
[09:01:44] [Server thread/INFO]: /forceload (add|query|remove)
[09:01:44] [Server thread/INFO]: /function <name>
[09:01:44] [Server thread/INFO]: /gamemode (adventure|creative|spectator|survival)
[09:01:44] [Server thread/INFO]: /gamerule (announceAdvancements|commandBlockOutput|disableElytraMovementCheck|disableRaids|doDaylightCycle|doEntityDrops|doFireTick|doImmediateRespawn|doInsomnia|doLimitedCrafting|doMobLoot|doMobSpawning|doPatrolSpawning|doTileDrops|doTraderSpawning|doWeatherCycle|drowningDamage|fallDamage|fireDamage|forgiveDeadPlayers|keepInventory|logAdminCommands|maxCommandChainLength|maxEntityCramming|mobGriefing|naturalRegeneration|randomTickSpeed|reducedDebugInfo|sendCommandFeedback|showDeathMessages|spawnRadius|spectatorsGenerateChunks|universalAnger)
[09:01:44] [Server thread/INFO]: /give <targets> <item> [<count>]
[09:01:44] [Server thread/INFO]: /help [<command>]
[09:01:44] [Server thread/INFO]: /kick <targets> [<reason>]
[09:01:44] [Server thread/INFO]: /kill [<targets>]
[09:01:44] [Server thread/INFO]: /list [uuids]
[09:01:44] [Server thread/INFO]: /locate (bastion_remnant|buried_treasure|desert_pyramid|endcity|fortress|igloo|jungle_pyramid|mansion|mineshaft|monument|nether_fossil|ocean_ruin|pillager_outpost|ruined_portal|shipwreck|stronghold|swamp_hut|village)
[09:01:44] [Server thread/INFO]: /locatebiome <biome>
[09:01:44] [Server thread/INFO]: /loot (give|insert|replace|spawn)
[09:01:44] [Server thread/INFO]: /me <action>
[09:01:44] [Server thread/INFO]: /msg <targets> <message>
[09:01:44] [Server thread/INFO]: /op <targets>
[09:01:44] [Server thread/INFO]: /pardon <targets>
[09:01:44] [Server thread/INFO]: /pardon-ip <target>
[09:01:44] [Server thread/INFO]: /particle <name> [<pos>]
[09:01:44] [Server thread/INFO]: /playsound <sound> (ambient|block|hostile|master|music|neutral|player|record|voice|weather)
[09:01:44] [Server thread/INFO]: /recipe (give|take)
[09:01:44] [Server thread/INFO]: /reload
[09:01:44] [Server thread/INFO]: /replaceitem (block|entity)
[09:01:44] [Server thread/INFO]: /save-all [flush]
[09:01:44] [Server thread/INFO]: /save-off
[09:01:44] [Server thread/INFO]: /save-on
[09:01:44] [Server thread/INFO]: /say <message>
[09:01:44] [Server thread/INFO]: /schedule (clear|function)
[09:01:44] [Server thread/INFO]: /scoreboard (objectives|players)
[09:01:44] [Server thread/INFO]: /seed
[09:01:44] [Server thread/INFO]: /setblock <pos> <block> [destroy|keep|replace]
[09:01:44] [Server thread/INFO]: /setidletimeout <minutes>
[09:01:44] [Server thread/INFO]: /setworldspawn [<pos>]
[09:01:44] [Server thread/INFO]: /spawnpoint [<targets>]
[09:01:44] [Server thread/INFO]: /spectate [<target>]
[09:01:44] [Server thread/INFO]: /spreadplayers <center> <spreadDistance> <maxRange> (under|<respectTeams>)
[09:01:44] [Server thread/INFO]: /stop
[09:01:44] [Server thread/INFO]: /stopsound <targets> [*|ambient|block|hostile|master|music|neutral|player|record|voice|weather]
[09:01:44] [Server thread/INFO]: /summon <entity> [<pos>]
[09:01:44] [Server thread/INFO]: /tag <targets> (add|list|remove)
[09:01:44] [Server thread/INFO]: /team (add|empty|join|leave|list|modify|remove)
[09:01:44] [Server thread/INFO]: /teammsg <message>
[09:01:44] [Server thread/INFO]: /teleport (<destination>|<location>|<targets>)
[09:01:44] [Server thread/INFO]: /tell -> msg
[09:01:44] [Server thread/INFO]: /tellraw <targets> <message>
[09:01:44] [Server thread/INFO]: /time (add|query|set)
[09:01:44] [Server thread/INFO]: /title <targets> (actionbar|clear|reset|subtitle|times|title)
[09:01:44] [Server thread/INFO]: /tm -> teammsg
[09:01:44] [Server thread/INFO]: /tp -> teleport
[09:01:44] [Server thread/INFO]: /trigger <objective> [add|set]
[09:01:44] [Server thread/INFO]: /w -> msg
[09:01:44] [Server thread/INFO]: /weather (clear|rain|thunder)
[09:01:44] [Server thread/INFO]: /whitelist (add|list|off|on|reload|remove)
[09:01:44] [Server thread/INFO]: /worldborder (add|center|damage|get|set|warning)
[09:01:44] [Server thread/INFO]: /xp -> experience
[09:01:57] [Server thread/INFO]: Stopping the server
[09:01:57] [Server thread/INFO]: Stopping server
[09:01:57] [Server thread/INFO]: Saving players
[09:01:57] [Server thread/INFO]: Saving worlds
[09:01:57] [Server thread/INFO]: Saving chunks for level 'ServerLevel[world]'/minecraft:overworld
[09:01:58] [Server thread/INFO]: ThreadedAnvilChunkStorage (world): All chunks are saved
[09:01:58] [Server thread/INFO]: Saving chunks for level 'ServerLevel[world]'/minecraft:the_nether
[09:01:58] [Server thread/INFO]: ThreadedAnvilChunkStorage (DIM-1): All chunks are saved
[09:01:58] [Server thread/INFO]: Saving chunks for level 'ServerLevel[world]'/minecraft:the_end
[09:01:58] [Server thread/INFO]: ThreadedAnvilChunkStorage (DIM1): All chunks are saved
[09:01:58] [Server thread/INFO]: ThreadedAnvilChunkStorage (world): All chunks are saved
[09:01:58] [Server thread/INFO]: ThreadedAnvilChunkStorage (DIM-1): All chunks are saved
[09:01:58] [Server thread/INFO]: ThreadedAnvilChunkStorage (DIM1): All chunks are saved
